GET /api 1710624917025 Error: Invalid path

GET /api 1710624918350 Error: Invalid path

GET /api/v1 1710624921961 Error: Invalid path

GET /api/v1/users 1710624924625 Error: Invalid path

GET /api/v1/users 1710624966932 Error: Invalid path

GET /api/v1/users 1710625363250 Error: Invalid path

GET /users 1710625367232 Error: Invalid path

GET /users 1710625374819 Error: Invalid path

GET /users/1 1710625703447 Error: Invalid path

GET /users/1 1710625715768 Error: Invalid path

GET /user/1 1710625720196 Error: Invalid path

GET /users/1 1710625723237 Error: Invalid path

GET /users/1 1710625769558 Error: Invalid path

GET /users/1 1710625770621 Error: Invalid path

GET /user 1710625775091 Error: Invalid path

GET /users/1 1710625778397 Error: Invalid path

GET /users/0 1710625780721 Error: Invalid path

GET /users/0 1710625789598 Error: Invalid path

GET /users/1 1710625791380 Error: Invalid path

GET /users/1 1710625794682 Error: Invalid path

POST /users/1 1710626234032 Error: Invalid path

POST /users/1 1710626267319 Error: Invalid path

POST /users/1 1710626288250 Error: Invalid path

POST /users/1 1710626324793 Error: Invalid path

PUT /users 1710627338741 Error: Invalid path

GET /users/1 1710933159479 Error: Invalid path

GET /users/1 1710946192526 Error: Invalid path

