GET /api 1710624785287

GET /api 1710624829366

GET /api 1710624917025

GET /api 1710624918350

GET /api/v1 1710624921961

GET /api/v1/users 1710624924625

GET /api/v1/users 1710624966932

GET /api/v1/users 1710625363250

GET /users 1710625367232

GET /users 1710625374819

GET /users/1 1710625703447

GET /users/1 1710625715768

GET /user/1 1710625720196

GET /users/1 1710625723237

GET /users/1 1710625769558

GET /users/1 1710625770621

GET /user 1710625775091

GET /users/1 1710625778397

GET /users/0 1710625780721

GET /users/0 1710625789597

GET /users/1 1710625791380

GET /users/1 1710625794682

POST /users/1 1710626234032

POST /users/1 1710626267318

POST /users/1 1710626288250

POST /users/1 1710626324793

PUT /users 1710627338740

GET /users/1 1710933159479

GET /users/1 1710946192526

